2025-07-24T05:21:54.448Z [CollabForge] error: Validation errors during user registration
2025-07-24T05:27:35.623Z [CollabForge] error: Validation errors during user login
2025-07-24T05:27:46.175Z [CollabForge] error: Validation errors during user login
2025-07-24T05:28:03.428Z [CollabForge] error: Validation errors during user login
2025-07-24T05:41:12.862Z [CollabForge] error: Validation errors during user login
2025-07-24T05:44:37.469Z [CollabForge] error: Validation errors during creator creation
2025-07-24T05:51:53.413Z [CollabForge] error: Validation errors during creator creation
2025-07-24T05:52:41.648Z [CollabForge] error: Validation errors during creator creation
2025-07-24T05:52:51.785Z [CollabForge] error: Validation errors during creator creation
2025-07-24T05:53:13.392Z [CollabForge] error: Validation errors during creator creation
2025-07-24T05:55:04.487Z [CollabForge] error: Error during creator creation
2025-07-24T06:27:51.619Z [CollabForge] error: Validation errors during brand creation
2025-07-24T06:29:10.058Z [CollabForge] error: Validation errors during brand creation
2025-07-24T09:19:13.158Z [CollabForge] error: Validation errors during brand creation
2025-07-24T09:20:48.811Z [CollabForge] error: Validation errors during brand creation
2025-07-24T09:22:41.835Z [CollabForge] error: Error during brand creation
2025-07-24T09:27:02.023Z [CollabForge] error: Error during campaign creation
2025-07-24T09:28:32.371Z [CollabForge] error: Error during campaign creation
2025-07-24T09:29:11.398Z [CollabForge] error: Error during campaign creation
2025-07-24T09:29:51.292Z [CollabForge] error: Error during campaign creation
2025-07-24T09:33:32.826Z [CollabForge] error: Error during campaign creation
2025-07-24T09:36:46.004Z [CollabForge] error: Error during campaign creation
2025-07-24T09:37:09.008Z [CollabForge] error: Error during campaign creation
2025-07-24T09:39:26.815Z [CollabForge] error: Error during campaign creation
2025-07-24T09:39:28.261Z [CollabForge] error: Error during campaign creation
2025-07-24T09:39:52.036Z [CollabForge] error: Error during campaign creation
2025-07-24T09:40:06.554Z [CollabForge] error: Error during campaign creation
2025-07-24T09:42:34.892Z [CollabForge] error: Error during campaign creation
2025-07-24T09:45:46.592Z [CollabForge] error: Error during campaign creation
2025-07-24T09:46:38.674Z [CollabForge] error: Error during campaign creation
2025-07-24T09:46:42.112Z [CollabForge] error: Error during campaign creation
2025-07-24T09:49:26.331Z [CollabForge] error: Error during campaign update
2025-07-24T10:16:51.188Z [CollabForge] error: Validation errors during brand creation
2025-07-24T10:19:58.305Z [CollabForge] error: Validation errors during creator creation
2025-07-24T10:21:36.490Z [CollabForge] error: Error during proposal creation
2025-07-24T10:40:49.057Z [CollabForge] error: Validation errors during contract creation
2025-07-24T10:41:29.835Z [CollabForge] error: Validation errors during contract creation
2025-07-24T11:06:11.894Z [CollabForge] error: Validation errors during contract creation
2025-07-24T11:07:40.677Z [CollabForge] error: Validation errors during contract creation
2025-07-24T11:18:34.499Z [CollabForge] error: Error during contract update
2025-07-24T11:23:34.350Z [CollabForge] error: Validation errors during get contracts by status
